{"C:\\Users\\acera\\Downloads\\sipk-mahasiswa (3)\\sipk-mahasiswa\\backend\\validation.js": {"path":"C:\\Users\\acera\\Downloads\\sipk-mahasiswa (3)\\sipk-mahasiswa\\backend\\validation.js","statementMap":{"0":{"start":{"line":2,"column":2},"end":{"line":4,"column":3}},"1":{"start":{"line":3,"column":4},"end":{"line":3,"column":17}},"2":{"start":{"line":5,"column":2},"end":{"line":5,"column":14}}},"fnMap":{"0":{"name":"validateInput","decl":{"start":{"line":1,"column":16},"end":{"line":1,"column":29}},"loc":{"start":{"line":1,"column":43},"end":{"line":6,"column":1}},"line":1}},"branchMap":{"0":{"loc":{"start":{"line":2,"column":2},"end":{"line":4,"column":3}},"type":"if","locations":[{"start":{"line":2,"column":2},"end":{"line":4,"column":3}},{"start":{},"end":{}}],"line":2},"1":{"loc":{"start":{"line":2,"column":6},"end":{"line":2,"column":21}},"type":"binary-expr","locations":[{"start":{"line":2,"column":6},"end":{"line":2,"column":11}},{"start":{"line":2,"column":15},"end":{"line":2,"column":21}}],"line":2}},"s":{"0":3,"1":2,"2":1},"f":{"0":3},"b":{"0":[2,1],"1":[3,2]},"_coverageSchema":"1a1c01bbd47fc00a2c39e90264f33305004495a9","hash":"694ed4887680ac023d884f2ae45bf4d5a13c641d"}
,"C:\\Users\\acera\\Downloads\\sipk-mahasiswa (3)\\sipk-mahasiswa\\backend\\controllers\\AdminKegiatanController.js": {"path":"C:\\Users\\acera\\Downloads\\sipk-mahasiswa (3)\\sipk-mahasiswa\\backend\\controllers\\AdminKegiatanController.js","statementMap":{"0":{"start":{"line":4,"column":35},"end":{"line":28,"column":1}},"1":{"start":{"line":5,"column":4},"end":{"line":27,"column":5}},"2":{"start":{"line":6,"column":25},"end":{"line":22,"column":10}},"3":{"start":{"line":23,"column":8},"end":{"line":23,"column":64}},"4":{"start":{"line":25,"column":8},"end":{"line":25,"column":46}},"5":{"start":{"line":26,"column":8},"end":{"line":26,"column":73}},"6":{"start":{"line":30,"column":39},"end":{"line":37,"column":1}},"7":{"start":{"line":31,"column":4},"end":{"line":36,"column":5}},"8":{"start":{"line":32,"column":21},"end":{"line":32,"column":78}},"9":{"start":{"line":33,"column":8},"end":{"line":33,"column":54}},"10":{"start":{"line":35,"column":8},"end":{"line":35,"column":73}},"11":{"start":{"line":39,"column":35},"end":{"line":48,"column":1}},"12":{"start":{"line":40,"column":4},"end":{"line":47,"column":5}},"13":{"start":{"line":41,"column":18},"end":{"line":41,"column":56}},"14":{"start":{"line":42,"column":8},"end":{"line":42,"column":81}},"15":{"start":{"line":42,"column":16},"end":{"line":42,"column":81}},"16":{"start":{"line":43,"column":8},"end":{"line":43,"column":33}},"17":{"start":{"line":44,"column":8},"end":{"line":44,"column":78}},"18":{"start":{"line":46,"column":8},"end":{"line":46,"column":73}},"19":{"start":{"line":50,"column":30},"end":{"line":59,"column":1}},"20":{"start":{"line":51,"column":4},"end":{"line":58,"column":5}},"21":{"start":{"line":52,"column":18},"end":{"line":52,"column":56}},"22":{"start":{"line":53,"column":8},"end":{"line":53,"column":81}},"23":{"start":{"line":53,"column":16},"end":{"line":53,"column":81}},"24":{"start":{"line":54,"column":8},"end":{"line":54,"column":52}},"25":{"start":{"line":55,"column":8},"end":{"line":55,"column":80}},"26":{"start":{"line":57,"column":8},"end":{"line":57,"column":73}},"27":{"start":{"line":61,"column":30},"end":{"line":70,"column":1}},"28":{"start":{"line":62,"column":4},"end":{"line":69,"column":5}},"29":{"start":{"line":63,"column":18},"end":{"line":63,"column":56}},"30":{"start":{"line":64,"column":8},"end":{"line":64,"column":81}},"31":{"start":{"line":64,"column":16},"end":{"line":64,"column":81}},"32":{"start":{"line":65,"column":8},"end":{"line":65,"column":26}},"33":{"start":{"line":66,"column":8},"end":{"line":66,"column":77}},"34":{"start":{"line":68,"column":8},"end":{"line":68,"column":73}}},"fnMap":{"0":{"name":"(anonymous_0)","decl":{"start":{"line":4,"column":35},"end":{"line":4,"column":36}},"loc":{"start":{"line":4,"column":55},"end":{"line":28,"column":1}},"line":4},"1":{"name":"(anonymous_1)","decl":{"start":{"line":30,"column":39},"end":{"line":30,"column":40}},"loc":{"start":{"line":30,"column":59},"end":{"line":37,"column":1}},"line":30},"2":{"name":"(anonymous_2)","decl":{"start":{"line":39,"column":35},"end":{"line":39,"column":36}},"loc":{"start":{"line":39,"column":55},"end":{"line":48,"column":1}},"line":39},"3":{"name":"(anonymous_3)","decl":{"start":{"line":50,"column":30},"end":{"line":50,"column":31}},"loc":{"start":{"line":50,"column":50},"end":{"line":59,"column":1}},"line":50},"4":{"name":"(anonymous_4)","decl":{"start":{"line":61,"column":30},"end":{"line":61,"column":31}},"loc":{"start":{"line":61,"column":50},"end":{"line":70,"column":1}},"line":61}},"branchMap":{"0":{"loc":{"start":{"line":42,"column":8},"end":{"line":42,"column":81}},"type":"if","locations":[{"start":{"line":42,"column":8},"end":{"line":42,"column":81}},{"start":{},"end":{}}],"line":42},"1":{"loc":{"start":{"line":53,"column":8},"end":{"line":53,"column":81}},"type":"if","locations":[{"start":{"line":53,"column":8},"end":{"line":53,"column":81}},{"start":{},"end":{}}],"line":53},"2":{"loc":{"start":{"line":64,"column":8},"end":{"line":64,"column":81}},"type":"if","locations":[{"start":{"line":64,"column":8},"end":{"line":64,"column":81}},{"start":{},"end":{}}],"line":64}},"s":{"0":1,"1":1,"2":1,"3":1,"4":0,"5":0,"6":1,"7":1,"8":1,"9":1,"10":0,"11":1,"12":1,"13":1,"14":1,"15":0,"16":1,"17":1,"18":0,"19":1,"20":1,"21":1,"22":1,"23":0,"24":1,"25":1,"26":0,"27":1,"28":1,"29":1,"30":1,"31":0,"32":1,"33":1,"34":0},"f":{"0":1,"1":1,"2":1,"3":1,"4":1},"b":{"0":[0,1],"1":[0,1],"2":[0,1]},"_coverageSchema":"1a1c01bbd47fc00a2c39e90264f33305004495a9","hash":"e93eb72be8460df7f1fac19431b2dfe14ce589b4"}
,"C:\\Users\\acera\\Downloads\\sipk-mahasiswa (3)\\sipk-mahasiswa\\backend\\controllers\\KegiatanController.js": {"path":"C:\\Users\\acera\\Downloads\\sipk-mahasiswa (3)\\sipk-mahasiswa\\backend\\controllers\\KegiatanController.js","statementMap":{"0":{"start":{"line":4,"column":27},"end":{"line":16,"column":1}},"1":{"start":{"line":5,"column":2},"end":{"line":15,"column":3}},"2":{"start":{"line":6,"column":21},"end":{"line":10,"column":6}},"3":{"start":{"line":12,"column":4},"end":{"line":12,"column":35}},"4":{"start":{"line":14,"column":4},"end":{"line":14,"column":53}},"5":{"start":{"line":19,"column":31},"end":{"line":38,"column":1}},"6":{"start":{"line":20,"column":2},"end":{"line":37,"column":3}},"7":{"start":{"line":21,"column":21},"end":{"line":26,"column":6}},"8":{"start":{"line":28,"column":4},"end":{"line":32,"column":5}},"9":{"start":{"line":29,"column":6},"end":{"line":31,"column":9}},"10":{"start":{"line":34,"column":4},"end":{"line":34,"column":35}},"11":{"start":{"line":36,"column":4},"end":{"line":36,"column":53}},"12":{"start":{"line":41,"column":39},"end":{"line":89,"column":1}},"13":{"start":{"line":42,"column":2},"end":{"line":88,"column":3}},"14":{"start":{"line":49,"column":8},"end":{"line":49,"column":16}},"15":{"start":{"line":51,"column":4},"end":{"line":61,"column":5}},"16":{"start":{"line":58,"column":6},"end":{"line":60,"column":9}},"17":{"start":{"line":63,"column":21},"end":{"line":78,"column":6}},"18":{"start":{"line":80,"column":4},"end":{"line":83,"column":7}},"19":{"start":{"line":85,"column":4},"end":{"line":87,"column":7}}},"fnMap":{"0":{"name":"(anonymous_0)","decl":{"start":{"line":4,"column":27},"end":{"line":4,"column":28}},"loc":{"start":{"line":4,"column":47},"end":{"line":16,"column":1}},"line":4},"1":{"name":"(anonymous_1)","decl":{"start":{"line":19,"column":31},"end":{"line":19,"column":32}},"loc":{"start":{"line":19,"column":51},"end":{"line":38,"column":1}},"line":19},"2":{"name":"(anonymous_2)","decl":{"start":{"line":41,"column":39},"end":{"line":41,"column":40}},"loc":{"start":{"line":41,"column":59},"end":{"line":89,"column":1}},"line":41}},"branchMap":{"0":{"loc":{"start":{"line":28,"column":4},"end":{"line":32,"column":5}},"type":"if","locations":[{"start":{"line":28,"column":4},"end":{"line":32,"column":5}},{"start":{},"end":{}}],"line":28},"1":{"loc":{"start":{"line":51,"column":4},"end":{"line":61,"column":5}},"type":"if","locations":[{"start":{"line":51,"column":4},"end":{"line":61,"column":5}},{"start":{},"end":{}}],"line":51},"2":{"loc":{"start":{"line":52,"column":6},"end":{"line":56,"column":12}},"type":"binary-expr","locations":[{"start":{"line":52,"column":6},"end":{"line":52,"column":11}},{"start":{"line":53,"column":6},"end":{"line":53,"column":15}},{"start":{"line":54,"column":6},"end":{"line":54,"column":14}},{"start":{"line":55,"column":6},"end":{"line":55,"column":13}},{"start":{"line":56,"column":6},"end":{"line":56,"column":12}}],"line":52}},"s":{"0":1,"1":1,"2":1,"3":1,"4":0,"5":1,"6":2,"7":2,"8":2,"9":1,"10":1,"11":0,"12":1,"13":2,"14":2,"15":2,"16":1,"17":1,"18":1,"19":0},"f":{"0":1,"1":2,"2":2},"b":{"0":[1,1],"1":[1,1],"2":[2,1,1,1,1]},"_coverageSchema":"1a1c01bbd47fc00a2c39e90264f33305004495a9","hash":"594d1450093d073b39bdaaf42141615840504f5c"}
,"C:\\Users\\acera\\Downloads\\sipk-mahasiswa (3)\\sipk-mahasiswa\\backend\\controllers\\UserController.js": {"path":"C:\\Users\\acera\\Downloads\\sipk-mahasiswa (3)\\sipk-mahasiswa\\backend\\controllers\\UserController.js","statementMap":{"0":{"start":{"line":7,"column":28},"end":{"line":58,"column":1}},"1":{"start":{"line":8,"column":2},"end":{"line":57,"column":3}},"2":{"start":{"line":9,"column":63},"end":{"line":9,"column":71}},"3":{"start":{"line":11,"column":4},"end":{"line":15,"column":5}},"4":{"start":{"line":12,"column":6},"end":{"line":14,"column":9}},"5":{"start":{"line":17,"column":25},"end":{"line":21,"column":6}},"6":{"start":{"line":23,"column":4},"end":{"line":27,"column":5}},"7":{"start":{"line":24,"column":6},"end":{"line":26,"column":9}},"8":{"start":{"line":29,"column":25},"end":{"line":29,"column":56}},"9":{"start":{"line":31,"column":17},"end":{"line":39,"column":6}},"10":{"start":{"line":41,"column":4},"end":{"line":52,"column":7}},"11":{"start":{"line":54,"column":4},"end":{"line":56,"column":7}},"12":{"start":{"line":61,"column":25},"end":{"line":123,"column":1}},"13":{"start":{"line":62,"column":2},"end":{"line":122,"column":3}},"14":{"start":{"line":63,"column":37},"end":{"line":63,"column":45}},"15":{"start":{"line":65,"column":4},"end":{"line":69,"column":5}},"16":{"start":{"line":66,"column":6},"end":{"line":68,"column":9}},"17":{"start":{"line":71,"column":17},"end":{"line":75,"column":6}},"18":{"start":{"line":77,"column":4},"end":{"line":81,"column":5}},"19":{"start":{"line":78,"column":6},"end":{"line":80,"column":9}},"20":{"start":{"line":83,"column":26},"end":{"line":83,"column":71}},"21":{"start":{"line":85,"column":4},"end":{"line":89,"column":5}},"22":{"start":{"line":86,"column":6},"end":{"line":88,"column":9}},"23":{"start":{"line":91,"column":18},"end":{"line":103,"column":5}},"24":{"start":{"line":105,"column":4},"end":{"line":117,"column":7}},"25":{"start":{"line":119,"column":4},"end":{"line":121,"column":7}},"26":{"start":{"line":126,"column":30},"end":{"line":161,"column":1}},"27":{"start":{"line":127,"column":2},"end":{"line":160,"column":3}},"28":{"start":{"line":128,"column":22},"end":{"line":128,"column":30}},"29":{"start":{"line":130,"column":4},"end":{"line":134,"column":5}},"30":{"start":{"line":131,"column":6},"end":{"line":133,"column":9}},"31":{"start":{"line":136,"column":17},"end":{"line":140,"column":6}},"32":{"start":{"line":142,"column":4},"end":{"line":146,"column":5}},"33":{"start":{"line":143,"column":6},"end":{"line":145,"column":9}},"34":{"start":{"line":148,"column":4},"end":{"line":155,"column":7}},"35":{"start":{"line":157,"column":4},"end":{"line":159,"column":7}},"36":{"start":{"line":164,"column":29},"end":{"line":210,"column":1}},"37":{"start":{"line":165,"column":2},"end":{"line":209,"column":3}},"38":{"start":{"line":166,"column":37},"end":{"line":166,"column":45}},"39":{"start":{"line":168,"column":4},"end":{"line":172,"column":5}},"40":{"start":{"line":169,"column":6},"end":{"line":171,"column":9}},"41":{"start":{"line":174,"column":17},"end":{"line":178,"column":6}},"42":{"start":{"line":180,"column":4},"end":{"line":184,"column":5}},"43":{"start":{"line":181,"column":6},"end":{"line":183,"column":9}},"44":{"start":{"line":186,"column":25},"end":{"line":189,"column":5}},"45":{"start":{"line":191,"column":4},"end":{"line":200,"column":6}},"46":{"start":{"line":202,"column":4},"end":{"line":204,"column":7}},"47":{"start":{"line":206,"column":4},"end":{"line":208,"column":7}},"48":{"start":{"line":213,"column":26},"end":{"line":242,"column":1}},"49":{"start":{"line":214,"column":2},"end":{"line":241,"column":3}},"50":{"start":{"line":215,"column":17},"end":{"line":228,"column":6}},"51":{"start":{"line":230,"column":4},"end":{"line":234,"column":5}},"52":{"start":{"line":231,"column":6},"end":{"line":233,"column":9}},"53":{"start":{"line":236,"column":4},"end":{"line":236,"column":31}},"54":{"start":{"line":238,"column":4},"end":{"line":240,"column":7}},"55":{"start":{"line":245,"column":29},"end":{"line":298,"column":1}},"56":{"start":{"line":246,"column":2},"end":{"line":297,"column":3}},"57":{"start":{"line":247,"column":41},"end":{"line":247,"column":49}},"58":{"start":{"line":249,"column":17},"end":{"line":253,"column":6}},"59":{"start":{"line":255,"column":4},"end":{"line":259,"column":5}},"60":{"start":{"line":256,"column":6},"end":{"line":258,"column":9}},"61":{"start":{"line":261,"column":4},"end":{"line":272,"column":6}},"62":{"start":{"line":274,"column":24},"end":{"line":287,"column":6}},"63":{"start":{"line":289,"column":4},"end":{"line":292,"column":7}},"64":{"start":{"line":294,"column":4},"end":{"line":296,"column":7}},"65":{"start":{"line":301,"column":30},"end":{"line":359,"column":1}},"66":{"start":{"line":302,"column":2},"end":{"line":358,"column":3}},"67":{"start":{"line":303,"column":66},"end":{"line":303,"column":74}},"68":{"start":{"line":305,"column":4},"end":{"line":309,"column":5}},"69":{"start":{"line":306,"column":6},"end":{"line":308,"column":9}},"70":{"start":{"line":311,"column":4},"end":{"line":315,"column":5}},"71":{"start":{"line":312,"column":6},"end":{"line":314,"column":9}},"72":{"start":{"line":317,"column":17},"end":{"line":321,"column":6}},"73":{"start":{"line":323,"column":4},"end":{"line":327,"column":5}},"74":{"start":{"line":324,"column":6},"end":{"line":326,"column":9}},"75":{"start":{"line":329,"column":18},"end":{"line":329,"column":68}},"76":{"start":{"line":331,"column":4},"end":{"line":335,"column":5}},"77":{"start":{"line":332,"column":6},"end":{"line":334,"column":9}},"78":{"start":{"line":337,"column":17},"end":{"line":337,"column":39}},"79":{"start":{"line":338,"column":25},"end":{"line":338,"column":63}},"80":{"start":{"line":340,"column":4},"end":{"line":349,"column":6}},"81":{"start":{"line":351,"column":4},"end":{"line":353,"column":7}},"82":{"start":{"line":355,"column":4},"end":{"line":357,"column":7}}},"fnMap":{"0":{"name":"(anonymous_0)","decl":{"start":{"line":7,"column":28},"end":{"line":7,"column":29}},"loc":{"start":{"line":7,"column":48},"end":{"line":58,"column":1}},"line":7},"1":{"name":"(anonymous_1)","decl":{"start":{"line":61,"column":25},"end":{"line":61,"column":26}},"loc":{"start":{"line":61,"column":45},"end":{"line":123,"column":1}},"line":61},"2":{"name":"(anonymous_2)","decl":{"start":{"line":126,"column":30},"end":{"line":126,"column":31}},"loc":{"start":{"line":126,"column":50},"end":{"line":161,"column":1}},"line":126},"3":{"name":"(anonymous_3)","decl":{"start":{"line":164,"column":29},"end":{"line":164,"column":30}},"loc":{"start":{"line":164,"column":49},"end":{"line":210,"column":1}},"line":164},"4":{"name":"(anonymous_4)","decl":{"start":{"line":213,"column":26},"end":{"line":213,"column":27}},"loc":{"start":{"line":213,"column":46},"end":{"line":242,"column":1}},"line":213},"5":{"name":"(anonymous_5)","decl":{"start":{"line":245,"column":29},"end":{"line":245,"column":30}},"loc":{"start":{"line":245,"column":49},"end":{"line":298,"column":1}},"line":245},"6":{"name":"(anonymous_6)","decl":{"start":{"line":301,"column":30},"end":{"line":301,"column":31}},"loc":{"start":{"line":301,"column":50},"end":{"line":359,"column":1}},"line":301}},"branchMap":{"0":{"loc":{"start":{"line":11,"column":4},"end":{"line":15,"column":5}},"type":"if","locations":[{"start":{"line":11,"column":4},"end":{"line":15,"column":5}},{"start":{},"end":{}}],"line":11},"1":{"loc":{"start":{"line":11,"column":8},"end":{"line":11,"column":44}},"type":"binary-expr","locations":[{"start":{"line":11,"column":8},"end":{"line":11,"column":13}},{"start":{"line":11,"column":17},"end":{"line":11,"column":21}},{"start":{"line":11,"column":25},"end":{"line":11,"column":31}},{"start":{"line":11,"column":35},"end":{"line":11,"column":44}}],"line":11},"2":{"loc":{"start":{"line":23,"column":4},"end":{"line":27,"column":5}},"type":"if","locations":[{"start":{"line":23,"column":4},"end":{"line":27,"column":5}},{"start":{},"end":{}}],"line":23},"3":{"loc":{"start":{"line":65,"column":4},"end":{"line":69,"column":5}},"type":"if","locations":[{"start":{"line":65,"column":4},"end":{"line":69,"column":5}},{"start":{},"end":{}}],"line":65},"4":{"loc":{"start":{"line":65,"column":8},"end":{"line":65,"column":32}},"type":"binary-expr","locations":[{"start":{"line":65,"column":8},"end":{"line":65,"column":19}},{"start":{"line":65,"column":23},"end":{"line":65,"column":32}}],"line":65},"5":{"loc":{"start":{"line":77,"column":4},"end":{"line":81,"column":5}},"type":"if","locations":[{"start":{"line":77,"column":4},"end":{"line":81,"column":5}},{"start":{},"end":{}}],"line":77},"6":{"loc":{"start":{"line":85,"column":4},"end":{"line":89,"column":5}},"type":"if","locations":[{"start":{"line":85,"column":4},"end":{"line":89,"column":5}},{"start":{},"end":{}}],"line":85},"7":{"loc":{"start":{"line":99,"column":6},"end":{"line":99,"column":48}},"type":"binary-expr","locations":[{"start":{"line":99,"column":6},"end":{"line":99,"column":28}},{"start":{"line":99,"column":32},"end":{"line":99,"column":48}}],"line":99},"8":{"loc":{"start":{"line":130,"column":4},"end":{"line":134,"column":5}},"type":"if","locations":[{"start":{"line":130,"column":4},"end":{"line":134,"column":5}},{"start":{},"end":{}}],"line":130},"9":{"loc":{"start":{"line":142,"column":4},"end":{"line":146,"column":5}},"type":"if","locations":[{"start":{"line":142,"column":4},"end":{"line":146,"column":5}},{"start":{},"end":{}}],"line":142},"10":{"loc":{"start":{"line":168,"column":4},"end":{"line":172,"column":5}},"type":"if","locations":[{"start":{"line":168,"column":4},"end":{"line":172,"column":5}},{"start":{},"end":{}}],"line":168},"11":{"loc":{"start":{"line":168,"column":8},"end":{"line":168,"column":32}},"type":"binary-expr","locations":[{"start":{"line":168,"column":8},"end":{"line":168,"column":14}},{"start":{"line":168,"column":18},"end":{"line":168,"column":32}}],"line":168},"12":{"loc":{"start":{"line":180,"column":4},"end":{"line":184,"column":5}},"type":"if","locations":[{"start":{"line":180,"column":4},"end":{"line":184,"column":5}},{"start":{},"end":{}}],"line":180},"13":{"loc":{"start":{"line":230,"column":4},"end":{"line":234,"column":5}},"type":"if","locations":[{"start":{"line":230,"column":4},"end":{"line":234,"column":5}},{"start":{},"end":{}}],"line":230},"14":{"loc":{"start":{"line":255,"column":4},"end":{"line":259,"column":5}},"type":"if","locations":[{"start":{"line":255,"column":4},"end":{"line":259,"column":5}},{"start":{},"end":{}}],"line":255},"15":{"loc":{"start":{"line":305,"column":4},"end":{"line":309,"column":5}},"type":"if","locations":[{"start":{"line":305,"column":4},"end":{"line":309,"column":5}},{"start":{},"end":{}}],"line":305},"16":{"loc":{"start":{"line":305,"column":8},"end":{"line":305,"column":64}},"type":"binary-expr","locations":[{"start":{"line":305,"column":8},"end":{"line":305,"column":22}},{"start":{"line":305,"column":26},"end":{"line":305,"column":40}},{"start":{"line":305,"column":44},"end":{"line":305,"column":64}}],"line":305},"17":{"loc":{"start":{"line":311,"column":4},"end":{"line":315,"column":5}},"type":"if","locations":[{"start":{"line":311,"column":4},"end":{"line":315,"column":5}},{"start":{},"end":{}}],"line":311},"18":{"loc":{"start":{"line":323,"column":4},"end":{"line":327,"column":5}},"type":"if","locations":[{"start":{"line":323,"column":4},"end":{"line":327,"column":5}},{"start":{},"end":{}}],"line":323},"19":{"loc":{"start":{"line":331,"column":4},"end":{"line":335,"column":5}},"type":"if","locations":[{"start":{"line":331,"column":4},"end":{"line":335,"column":5}},{"start":{},"end":{}}],"line":331}},"s":{"0":1,"1":3,"2":3,"3":3,"4":1,"5":2,"6":2,"7":1,"8":1,"9":1,"10":1,"11":0,"12":1,"13":0,"14":0,"15":0,"16":0,"17":0,"18":0,"19":0,"20":0,"21":0,"22":0,"23":0,"24":0,"25":0,"26":1,"27":0,"28":0,"29":0,"30":0,"31":0,"32":0,"33":0,"34":0,"35":0,"36":1,"37":0,"38":0,"39":0,"40":0,"41":0,"42":0,"43":0,"44":0,"45":0,"46":0,"47":0,"48":1,"49":0,"50":0,"51":0,"52":0,"53":0,"54":0,"55":1,"56":0,"57":0,"58":0,"59":0,"60":0,"61":0,"62":0,"63":0,"64":0,"65":1,"66":0,"67":0,"68":0,"69":0,"70":0,"71":0,"72":0,"73":0,"74":0,"75":0,"76":0,"77":0,"78":0,"79":0,"80":0,"81":0,"82":0},"f":{"0":3,"1":0,"2":0,"3":0,"4":0,"5":0,"6":0},"b":{"0":[1,2],"1":[3,2,2,2],"2":[1,1],"3":[0,0],"4":[0,0],"5":[0,0],"6":[0,0],"7":[0,0],"8":[0,0],"9":[0,0],"10":[0,0],"11":[0,0],"12":[0,0],"13":[0,0],"14":[0,0],"15":[0,0],"16":[0,0,0],"17":[0,0],"18":[0,0],"19":[0,0]},"_coverageSchema":"1a1c01bbd47fc00a2c39e90264f33305004495a9","hash":"57f5fcaf666c7f3a0cde01102e77cd5959ce80aa"}
}
