TN:
SF:validation.js
FN:1,validateInput
FNF:1
FNH:1
FNDA:3,validateInput
DA:2,3
DA:3,2
DA:5,1
LF:3
LH:3
BRDA:2,0,0,2
BRDA:2,0,1,1
BRDA:2,1,0,3
BRDA:2,1,1,2
BRF:4
BRH:4
end_of_record
TN:
SF:controllers\AdminKegiatanController.js
FN:4,(anonymous_0)
FN:30,(anonymous_1)
FN:39,(anonymous_2)
FN:50,(anonymous_3)
FN:61,(anonymous_4)
FNF:5
FNH:5
FNDA:1,(anonymous_0)
FNDA:1,(anonymous_1)
FNDA:1,(anonymous_2)
FNDA:1,(anonymous_3)
FNDA:1,(anonymous_4)
DA:4,1
DA:5,1
DA:6,1
DA:23,1
DA:25,0
DA:26,0
DA:30,1
DA:31,1
DA:32,1
DA:33,1
DA:35,0
DA:39,1
DA:40,1
DA:41,1
DA:42,1
DA:43,1
DA:44,1
DA:46,0
DA:50,1
DA:51,1
DA:52,1
DA:53,1
DA:54,1
DA:55,1
DA:57,0
DA:61,1
DA:62,1
DA:63,1
DA:64,1
DA:65,1
DA:66,1
DA:68,0
LF:32
LH:26
BRDA:42,0,0,0
BRDA:42,0,1,1
BRDA:53,1,0,0
BRDA:53,1,1,1
BRDA:64,2,0,0
BRDA:64,2,1,1
BRF:6
BRH:3
end_of_record
TN:
SF:controllers\KegiatanController.js
FN:4,(anonymous_0)
FN:19,(anonymous_1)
FN:41,(anonymous_2)
FNF:3
FNH:3
FNDA:1,(anonymous_0)
FNDA:2,(anonymous_1)
FNDA:2,(anonymous_2)
DA:4,1
DA:5,1
DA:6,1
DA:12,1
DA:14,0
DA:19,1
DA:20,2
DA:21,2
DA:28,2
DA:29,1
DA:34,1
DA:36,0
DA:41,1
DA:42,2
DA:49,2
DA:51,2
DA:58,1
DA:63,1
DA:80,1
DA:85,0
LF:20
LH:17
BRDA:28,0,0,1
BRDA:28,0,1,1
BRDA:51,1,0,1
BRDA:51,1,1,1
BRDA:52,2,0,2
BRDA:52,2,1,1
BRDA:52,2,2,1
BRDA:52,2,3,1
BRDA:52,2,4,1
BRF:9
BRH:9
end_of_record
TN:
SF:controllers\UserController.js
FN:7,(anonymous_0)
FN:61,(anonymous_1)
FN:126,(anonymous_2)
FN:164,(anonymous_3)
FN:213,(anonymous_4)
FN:245,(anonymous_5)
FN:301,(anonymous_6)
FNF:7
FNH:1
FNDA:3,(anonymous_0)
FNDA:0,(anonymous_1)
FNDA:0,(anonymous_2)
FNDA:0,(anonymous_3)
FNDA:0,(anonymous_4)
FNDA:0,(anonymous_5)
FNDA:0,(anonymous_6)
DA:7,1
DA:8,3
DA:9,3
DA:11,3
DA:12,1
DA:17,2
DA:23,2
DA:24,1
DA:29,1
DA:31,1
DA:41,1
DA:54,0
DA:61,1
DA:62,0
DA:63,0
DA:65,0
DA:66,0
DA:71,0
DA:77,0
DA:78,0
DA:83,0
DA:85,0
DA:86,0
DA:91,0
DA:105,0
DA:119,0
DA:126,1
DA:127,0
DA:128,0
DA:130,0
DA:131,0
DA:136,0
DA:142,0
DA:143,0
DA:148,0
DA:157,0
DA:164,1
DA:165,0
DA:166,0
DA:168,0
DA:169,0
DA:174,0
DA:180,0
DA:181,0
DA:186,0
DA:191,0
DA:202,0
DA:206,0
DA:213,1
DA:214,0
DA:215,0
DA:230,0
DA:231,0
DA:236,0
DA:238,0
DA:245,1
DA:246,0
DA:247,0
DA:249,0
DA:255,0
DA:256,0
DA:261,0
DA:274,0
DA:289,0
DA:294,0
DA:301,1
DA:302,0
DA:303,0
DA:305,0
DA:306,0
DA:311,0
DA:312,0
DA:317,0
DA:323,0
DA:324,0
DA:329,0
DA:331,0
DA:332,0
DA:337,0
DA:338,0
DA:340,0
DA:351,0
DA:355,0
LF:83
LH:17
BRDA:11,0,0,1
BRDA:11,0,1,2
BRDA:11,1,0,3
BRDA:11,1,1,2
BRDA:11,1,2,2
BRDA:11,1,3,2
BRDA:23,2,0,1
BRDA:23,2,1,1
BRDA:65,3,0,0
BRDA:65,3,1,0
BRDA:65,4,0,0
BRDA:65,4,1,0
BRDA:77,5,0,0
BRDA:77,5,1,0
BRDA:85,6,0,0
BRDA:85,6,1,0
BRDA:99,7,0,0
BRDA:99,7,1,0
BRDA:130,8,0,0
BRDA:130,8,1,0
BRDA:142,9,0,0
BRDA:142,9,1,0
BRDA:168,10,0,0
BRDA:168,10,1,0
BRDA:168,11,0,0
BRDA:168,11,1,0
BRDA:180,12,0,0
BRDA:180,12,1,0
BRDA:230,13,0,0
BRDA:230,13,1,0
BRDA:255,14,0,0
BRDA:255,14,1,0
BRDA:305,15,0,0
BRDA:305,15,1,0
BRDA:305,16,0,0
BRDA:305,16,1,0
BRDA:305,16,2,0
BRDA:311,17,0,0
BRDA:311,17,1,0
BRDA:323,18,0,0
BRDA:323,18,1,0
BRDA:331,19,0,0
BRDA:331,19,1,0
BRF:43
BRH:8
end_of_record
